<?xml version="1.0" encoding="UTF-8"?>
<!-- Generated by org.testng.reporters.JUnitReportReporter -->
<testsuite hostname="Praveen-HP" failures="0" tests="1" name="com.practise.testCases.loginPage" time="37.881" errors="0" timestamp="2022-09-02T22:15:50 IST" skipped="0">
  <testcase classname="com.practise.testCases.loginPage" name="loginTest" time="37.881"/>
  <system-out/>
</testsuite> <!-- com.practise.testCases.loginPage -->
