<?xml version="1.0" encoding="UTF-8"?>
<!-- Generated by org.testng.reporters.JUnitReportReporter -->
<testsuite hostname="Praveen-HP" failures="0" tests="2" name="FrameworkPractise.DataDrivenFrameworkTest" time="92.951" errors="0" timestamp="2022-06-09T00:25:16 IST" skipped="0">
  <testcase classname="FrameworkPractise.DataDrivenFrameworkTest" name="jiralogin1" time="65.932"/>
  <system-out/>
  <testcase classname="FrameworkPractise.DataDrivenFrameworkTest" name="jiralogin1" time="27.019"/>
  <system-out/>
</testsuite> <!-- FrameworkPractise.DataDrivenFrameworkTest -->
