<?xml version="1.0" encoding="UTF-8"?>
<!-- Generated by org.testng.reporters.JUnitReportReporter -->
<testsuite hostname="Praveen-HP" failures="0" tests="2" name="FrameworkPractise.TestFramework" time="109.450" errors="0" timestamp="2022-06-08T22:47:20 IST" skipped="0">
  <testcase classname="FrameworkPractise.TestFramework" name="jiralogin1" time="75.612"/>
  <system-out/>
  <testcase classname="FrameworkPractise.TestFramework" name="tempo" time="33.838"/>
  <system-out/>
</testsuite> <!-- FrameworkPractise.TestFramework -->
