<?xml version="1.0" encoding="UTF-8"?>
<!-- Generated by org.testng.reporters.JUnitReportReporter -->
<testsuite hostname="Praveen-HP" failures="0" tests="2" name="FrameworkPractise.FrameworkusingDataDriven" time="122.256" errors="0" timestamp="2022-06-08T23:37:32 IST" skipped="0">
  <testcase classname="FrameworkPractise.FrameworkusingDataDriven" name="jiralogin1" time="108.564"/>
  <system-out/>
  <testcase classname="FrameworkPractise.FrameworkusingDataDriven" name="tempo" time="13.692"/>
  <system-out/>
</testsuite> <!-- FrameworkPractise.FrameworkusingDataDriven -->
